0 info it worked if it ends with ok
1 verbose cli [ '/usr/bin/node', '/usr/bin/npm', 'run', 'watch:prod' ]
2 info using npm@3.5.2
3 info using node@v8.10.0
4 verbose run-script [ 'prewatch:prod', 'watch:prod', 'postwatch:prod' ]
5 info lifecycle twitchplays@1.0.0~prewatch:prod: twitchplays@1.0.0
6 silly lifecycle twitchplays@1.0.0~prewatch:prod: no script for prewatch:prod, continuing
7 info lifecycle twitchplays@1.0.0~watch:prod: twitchplays@1.0.0
8 verbose lifecycle twitchplays@1.0.0~watch:prod: unsafe-perm in lifecycle true
9 verbose lifecycle twitchplays@1.0.0~watch:prod: PATH: /usr/share/npm/bin/node-gyp-bin:/srv/www/remotegames.io/html/projects/twitchplays/node_modules/.bin:/usr/local/sbin:/usr/local/bin:/usr/sbin:/usr/bin:/sbin:/bin:/usr/games:/usr/local/games:/snap/bin
10 verbose lifecycle twitchplays@1.0.0~watch:prod: CWD: /srv/www/remotegames.io/html/projects/twitchplays
11 silly lifecycle twitchplays@1.0.0~watch:prod: Args: [ '-c',
11 silly lifecycle   'webpack --env prod --progress --watch --config webpack.prod.js' ]
12 silly lifecycle twitchplays@1.0.0~watch:prod: Returned: code: 143  signal: null
13 info lifecycle twitchplays@1.0.0~watch:prod: Failed to exec watch:prod script
14 verbose stack Error: twitchplays@1.0.0 watch:prod: `webpack --env prod --progress --watch --config webpack.prod.js`
14 verbose stack Exit status 143
14 verbose stack     at EventEmitter.<anonymous> (/usr/share/npm/lib/utils/lifecycle.js:232:16)
14 verbose stack     at emitTwo (events.js:126:13)
14 verbose stack     at EventEmitter.emit (events.js:214:7)
14 verbose stack     at ChildProcess.<anonymous> (/usr/share/npm/lib/utils/spawn.js:24:14)
14 verbose stack     at emitTwo (events.js:126:13)
14 verbose stack     at ChildProcess.emit (events.js:214:7)
14 verbose stack     at maybeClose (internal/child_process.js:925:16)
14 verbose stack     at Process.ChildProcess._handle.onexit (internal/child_process.js:209:5)
15 verbose pkgid twitchplays@1.0.0
16 verbose cwd /srv/www/remotegames.io/html/projects/twitchplays
17 error Linux 4.15.0-39-generic
18 error argv "/usr/bin/node" "/usr/bin/npm" "run" "watch:prod"
19 error node v8.10.0
20 error npm  v3.5.2
21 error code ELIFECYCLE
22 error twitchplays@1.0.0 watch:prod: `webpack --env prod --progress --watch --config webpack.prod.js`
22 error Exit status 143
23 error Failed at the twitchplays@1.0.0 watch:prod script 'webpack --env prod --progress --watch --config webpack.prod.js'.
23 error Make sure you have the latest version of node.js and npm installed.
23 error If you do, this is most likely a problem with the twitchplays package,
23 error not with npm itself.
23 error Tell the author that this fails on your system:
23 error     webpack --env prod --progress --watch --config webpack.prod.js
23 error You can get information on how to open an issue for this project with:
23 error     npm bugs twitchplays
23 error Or if that isn't available, you can get their info via:
23 error     npm owner ls twitchplays
23 error There is likely additional logging output above.
24 verbose exit [ 1, true ]
